"2023-06-22 16:25:00 [main] INFO  tgb.btc.rce.RceApplication - Starting RceApplication using Java 11.0.19 on barilo with PID 45839 (/home/barilo/IdeaProjects/rce/target/classes started by barilo in /home/barilo/IdeaProjects/rce)
""2023-06-22 16:25:00 [main] DEBUG tgb.btc.rce.RceApplication - Running with Spring Boot v2.6.7, Spring v5.3.19
""2023-06-22 16:25:00 [main] INFO  tgb.btc.rce.RceApplication - No active profile set, falling back to 1 default profile: "default"
""2023-06-22 16:25:01 [main] INFO  o.s.d.r.c.RepositoryConfigurationDelegate - Bootstrapping Spring Data JPA repositories in DEFAULT mode.
""2023-06-22 16:25:01 [main] INFO  o.s.d.r.c.RepositoryConfigurationDelegate - Finished Spring Data repository scanning in 122 ms. Found 17 JPA repository interfaces.
""2023-06-22 16:25:02 [main] INFO  o.s.b.w.e.tomcat.TomcatWebServer - Tomcat initialized with port(s): 8080 (http)
""2023-06-22 16:25:02 [main] INFO  o.a.catalina.core.StandardService - Starting service [Tomcat]
""2023-06-22 16:25:02 [main] INFO  o.a.catalina.core.StandardEngine - Starting Servlet engine: [Apache Tomcat/9.0.62]
""2023-06-22 16:25:02 [main] INFO  o.a.c.c.C.[Tomcat].[localhost].[/] - Initializing Spring embedded WebApplicationContext
""2023-06-22 16:25:02 [main] INFO  o.s.b.w.s.c.ServletWebServerApplicationContext - Root WebApplicationContext: initialization completed in 2051 ms
""2023-06-22 16:25:02 [main] INFO  o.h.jpa.internal.util.LogHelper - HHH000204: Processing PersistenceUnitInfo [name: default]
""2023-06-22 16:25:02 [main] INFO  org.hibernate.Version - HHH000412: Hibernate ORM core version 5.6.8.Final
""2023-06-22 16:25:03 [main] INFO  o.h.annotations.common.Version - HCANN000001: Hibernate Commons Annotations {5.1.2.Final}
""2023-06-22 16:25:03 [main] INFO  com.zaxxer.hikari.HikariDataSource - HikariPool-1 - Starting...
""2023-06-22 16:25:03 [main] INFO  com.zaxxer.hikari.HikariDataSource - HikariPool-1 - Start completed.
""2023-06-22 16:25:03 [main] INFO  org.hibernate.dialect.Dialect - HHH000400: Using dialect: org.hibernate.dialect.MySQL8Dialect
""2023-06-22 16:25:04 [main] INFO  o.h.e.t.j.p.i.JtaPlatformInitiator - HHH000490: Using JtaPlatform implementation: [org.hibernate.engine.transaction.jta.platform.internal.NoJtaPlatform]
""2023-06-22 16:25:04 [main] INFO  o.s.o.j.LocalContainerEntityManagerFactoryBean - Initialized JPA EntityManagerFactory for persistence unit 'default'
""2023-06-22 16:25:05 [main] DEBUG t.b.rce.service.impl.CaptchaService - Загрузка имен изображений-капч.
""2023-06-22 16:25:05 [main] DEBUG t.b.rce.service.impl.CaptchaService - Загружено 5 капч.
""2023-06-22 16:25:05 [main] INFO  t.b.r.s.schedule.DealDeleteScheduler - Автоматическое удаление недействительных заявок загружено в контекст.
""2023-06-22 16:25:05 [main] WARN  o.s.b.a.o.j.JpaBaseConfiguration$JpaWebConfiguration - spring.jpa.open-in-view is enabled by default. Therefore, database queries may be performed during view rendering. Explicitly configure spring.jpa.open-in-view to disable this warning
""2023-06-22 16:25:06 [main] INFO  o.s.b.w.e.tomcat.TomcatWebServer - Tomcat started on port(s): 8080 (http) with context path ''
""2023-06-22 16:25:06 [main] INFO  tgb.btc.rce.RceApplication - Started RceApplication in 6.317 seconds (JVM running for 7.243)
""2023-06-22 16:25:06 [main] INFO  tgb.btc.rce.service.BeanHolder - Загрузка бинов в BeanHolder.
""2023-06-22 16:25:06 [main] INFO  tgb.btc.rce.service.BeanHolder - Загрузка бинов BeanHolder завершена.
""2023-06-22 16:25:07 [http-nio-8080-exec-1] INFO  o.a.c.c.C.[Tomcat].[localhost].[/] - Initializing Spring DispatcherServlet 'dispatcherServlet'
""2023-06-22 16:25:11 [http-nio-8080-exec-4] INFO  tgb.btc.rce.util.FiatCurrencyUtil - Загружено 2 фиатных валют: ₽, бел.рублей
""2023-06-22 16:26:06 [SpringApplicationShutdownHook] INFO  o.s.o.j.LocalContainerEntityManagerFactoryBean - Closing JPA EntityManagerFactory for persistence unit 'default'
""2023-06-22 16:26:06 [SpringApplicationShutdownHook] INFO  com.zaxxer.hikari.HikariDataSource - HikariPool-1 - Shutdown initiated...
""2023-06-22 16:26:06 [SpringApplicationShutdownHook] INFO  com.zaxxer.hikari.HikariDataSource - HikariPool-1 - Shutdown completed.
""2023-06-22 16:26:10 [main] INFO  tgb.btc.rce.RceApplication - Starting RceApplication using Java 11.0.19 on barilo with PID 46354 (/home/barilo/IdeaProjects/rce/target/classes started by barilo in /home/barilo/IdeaProjects/rce)
""2023-06-22 16:26:10 [main] DEBUG tgb.btc.rce.RceApplication - Running with Spring Boot v2.6.7, Spring v5.3.19
""2023-06-22 16:26:10 [main] INFO  tgb.btc.rce.RceApplication - No active profile set, falling back to 1 default profile: "default"
""2023-06-22 16:26:11 [main] INFO  o.s.d.r.c.RepositoryConfigurationDelegate - Bootstrapping Spring Data JPA repositories in DEFAULT mode.
""2023-06-22 16:26:11 [main] INFO  o.s.d.r.c.RepositoryConfigurationDelegate - Finished Spring Data repository scanning in 74 ms. Found 17 JPA repository interfaces.
""2023-06-22 16:26:12 [main] INFO  o.s.b.w.e.tomcat.TomcatWebServer - Tomcat initialized with port(s): 8080 (http)
""2023-06-22 16:26:12 [main] INFO  o.a.catalina.core.StandardService - Starting service [Tomcat]
""2023-06-22 16:26:12 [main] INFO  o.a.catalina.core.StandardEngine - Starting Servlet engine: [Apache Tomcat/9.0.62]
""2023-06-22 16:26:12 [main] INFO  o.a.c.c.C.[Tomcat].[localhost].[/] - Initializing Spring embedded WebApplicationContext
""2023-06-22 16:26:12 [main] INFO  o.s.b.w.s.c.ServletWebServerApplicationContext - Root WebApplicationContext: initialization completed in 1482 ms
""2023-06-22 16:26:12 [main] INFO  o.h.jpa.internal.util.LogHelper - HHH000204: Processing PersistenceUnitInfo [name: default]
""2023-06-22 16:26:12 [main] INFO  org.hibernate.Version - HHH000412: Hibernate ORM core version 5.6.8.Final
""2023-06-22 16:26:12 [main] INFO  o.h.annotations.common.Version - HCANN000001: Hibernate Commons Annotations {5.1.2.Final}
""2023-06-22 16:26:12 [main] INFO  com.zaxxer.hikari.HikariDataSource - HikariPool-1 - Starting...
""2023-06-22 16:26:12 [main] INFO  com.zaxxer.hikari.HikariDataSource - HikariPool-1 - Start completed.
""2023-06-22 16:26:12 [main] INFO  org.hibernate.dialect.Dialect - HHH000400: Using dialect: org.hibernate.dialect.MySQL8Dialect
""2023-06-22 16:26:13 [main] INFO  o.h.e.t.j.p.i.JtaPlatformInitiator - HHH000490: Using JtaPlatform implementation: [org.hibernate.engine.transaction.jta.platform.internal.NoJtaPlatform]
""2023-06-22 16:26:13 [main] INFO  o.s.o.j.LocalContainerEntityManagerFactoryBean - Initialized JPA EntityManagerFactory for persistence unit 'default'
""2023-06-22 16:26:14 [main] DEBUG t.b.rce.service.impl.CaptchaService - Загрузка имен изображений-капч.
""2023-06-22 16:26:14 [main] DEBUG t.b.rce.service.impl.CaptchaService - Загружено 5 капч.
""2023-06-22 16:26:14 [main] INFO  t.b.r.s.schedule.DealDeleteScheduler - Автоматическое удаление недействительных заявок загружено в контекст.
""2023-06-22 16:26:14 [main] WARN  o.s.b.a.o.j.JpaBaseConfiguration$JpaWebConfiguration - spring.jpa.open-in-view is enabled by default. Therefore, database queries may be performed during view rendering. Explicitly configure spring.jpa.open-in-view to disable this warning
""2023-06-22 16:26:15 [main] INFO  o.s.b.w.e.tomcat.TomcatWebServer - Tomcat started on port(s): 8080 (http) with context path ''
""2023-06-22 16:26:15 [main] INFO  tgb.btc.rce.RceApplication - Started RceApplication in 5.355 seconds (JVM running for 6.493)
""2023-06-22 16:26:15 [main] INFO  tgb.btc.rce.service.BeanHolder - Загрузка бинов в BeanHolder.
""2023-06-22 16:26:15 [main] INFO  tgb.btc.rce.service.BeanHolder - Загрузка бинов BeanHolder завершена.
""2023-06-22 16:26:17 [http-nio-8080-exec-1] INFO  o.a.c.c.C.[Tomcat].[localhost].[/] - Initializing Spring DispatcherServlet 'dispatcherServlet'
""2023-06-22 16:26:20 [http-nio-8080-exec-7] INFO  tgb.btc.rce.util.FiatCurrencyUtil - Загружено 2 фиатных валют: ₽, бел.рублей
""2023-06-22 16:28:42 [SpringApplicationShutdownHook] INFO  o.s.o.j.LocalContainerEntityManagerFactoryBean - Closing JPA EntityManagerFactory for persistence unit 'default'
""2023-06-22 16:28:42 [SpringApplicationShutdownHook] INFO  com.zaxxer.hikari.HikariDataSource - HikariPool-1 - Shutdown initiated...
""2023-06-22 16:28:42 [SpringApplicationShutdownHook] INFO  com.zaxxer.hikari.HikariDataSource - HikariPool-1 - Shutdown completed.
""2023-06-22 16:28:45 [main] INFO  tgb.btc.rce.RceApplication - Starting RceApplication using Java 11.0.19 on barilo with PID 46773 (/home/barilo/IdeaProjects/rce/target/classes started by barilo in /home/barilo/IdeaProjects/rce)
""2023-06-22 16:28:45 [main] DEBUG tgb.btc.rce.RceApplication - Running with Spring Boot v2.6.7, Spring v5.3.19
""2023-06-22 16:28:45 [main] INFO  tgb.btc.rce.RceApplication - No active profile set, falling back to 1 default profile: "default"
""2023-06-22 16:28:46 [main] INFO  o.s.d.r.c.RepositoryConfigurationDelegate - Bootstrapping Spring Data JPA repositories in DEFAULT mode.
""2023-06-22 16:28:46 [main] INFO  o.s.d.r.c.RepositoryConfigurationDelegate - Finished Spring Data repository scanning in 81 ms. Found 17 JPA repository interfaces.
""2023-06-22 16:28:46 [main] INFO  o.s.b.w.e.tomcat.TomcatWebServer - Tomcat initialized with port(s): 8080 (http)
""2023-06-22 16:28:46 [main] INFO  o.a.catalina.core.StandardService - Starting service [Tomcat]
""2023-06-22 16:28:46 [main] INFO  o.a.catalina.core.StandardEngine - Starting Servlet engine: [Apache Tomcat/9.0.62]
""2023-06-22 16:28:47 [main] INFO  o.a.c.c.C.[Tomcat].[localhost].[/] - Initializing Spring embedded WebApplicationContext
""2023-06-22 16:28:47 [main] INFO  o.s.b.w.s.c.ServletWebServerApplicationContext - Root WebApplicationContext: initialization completed in 1291 ms
""2023-06-22 16:28:47 [main] INFO  o.h.jpa.internal.util.LogHelper - HHH000204: Processing PersistenceUnitInfo [name: default]
""2023-06-22 16:28:47 [main] INFO  org.hibernate.Version - HHH000412: Hibernate ORM core version 5.6.8.Final
""2023-06-22 16:28:47 [main] INFO  o.h.annotations.common.Version - HCANN000001: Hibernate Commons Annotations {5.1.2.Final}
""2023-06-22 16:28:47 [main] INFO  com.zaxxer.hikari.HikariDataSource - HikariPool-1 - Starting...
""2023-06-22 16:28:47 [main] INFO  com.zaxxer.hikari.HikariDataSource - HikariPool-1 - Start completed.
""2023-06-22 16:28:47 [main] INFO  org.hibernate.dialect.Dialect - HHH000400: Using dialect: org.hibernate.dialect.MySQL8Dialect
""2023-06-22 16:28:48 [main] INFO  o.h.e.t.j.p.i.JtaPlatformInitiator - HHH000490: Using JtaPlatform implementation: [org.hibernate.engine.transaction.jta.platform.internal.NoJtaPlatform]
""2023-06-22 16:28:48 [main] INFO  o.s.o.j.LocalContainerEntityManagerFactoryBean - Initialized JPA EntityManagerFactory for persistence unit 'default'
""2023-06-22 16:28:49 [main] DEBUG t.b.rce.service.impl.CaptchaService - Загрузка имен изображений-капч.
""2023-06-22 16:28:49 [main] DEBUG t.b.rce.service.impl.CaptchaService - Загружено 5 капч.
""2023-06-22 16:28:49 [main] INFO  t.b.r.s.schedule.DealDeleteScheduler - Автоматическое удаление недействительных заявок загружено в контекст.
""2023-06-22 16:28:49 [main] WARN  o.s.b.a.o.j.JpaBaseConfiguration$JpaWebConfiguration - spring.jpa.open-in-view is enabled by default. Therefore, database queries may be performed during view rendering. Explicitly configure spring.jpa.open-in-view to disable this warning
""2023-06-22 16:28:50 [main] INFO  o.s.b.w.e.tomcat.TomcatWebServer - Tomcat started on port(s): 8080 (http) with context path ''
""2023-06-22 16:28:50 [main] INFO  tgb.btc.rce.RceApplication - Started RceApplication in 5.208 seconds (JVM running for 6.064)
""2023-06-22 16:28:50 [main] INFO  tgb.btc.rce.service.BeanHolder - Загрузка бинов в BeanHolder.
""2023-06-22 16:28:50 [main] INFO  tgb.btc.rce.service.BeanHolder - Загрузка бинов BeanHolder завершена.
""2023-06-22 16:28:52 [http-nio-8080-exec-1] INFO  o.a.c.c.C.[Tomcat].[localhost].[/] - Initializing Spring DispatcherServlet 'dispatcherServlet'
""2023-06-22 16:28:54 [http-nio-8080-exec-7] INFO  tgb.btc.rce.util.FiatCurrencyUtil - Загружено 2 фиатных валют: ₽, бел.рублей
""2023-06-22 16:29:16 [SpringApplicationShutdownHook] INFO  o.s.o.j.LocalContainerEntityManagerFactoryBean - Closing JPA EntityManagerFactory for persistence unit 'default'
""2023-06-22 16:29:16 [SpringApplicationShutdownHook] INFO  com.zaxxer.hikari.HikariDataSource - HikariPool-1 - Shutdown initiated...
""2023-06-22 16:29:16 [SpringApplicationShutdownHook] INFO  com.zaxxer.hikari.HikariDataSource - HikariPool-1 - Shutdown completed.
""2023-06-22 16:29:20 [main] INFO  tgb.btc.rce.RceApplication - Starting RceApplication using Java 11.0.19 on barilo with PID 47034 (/home/barilo/IdeaProjects/rce/target/classes started by barilo in /home/barilo/IdeaProjects/rce)
""2023-06-22 16:29:20 [main] DEBUG tgb.btc.rce.RceApplication - Running with Spring Boot v2.6.7, Spring v5.3.19
""2023-06-22 16:29:20 [main] INFO  tgb.btc.rce.RceApplication - No active profile set, falling back to 1 default profile: "default"
""2023-06-22 16:29:21 [main] INFO  o.s.d.r.c.RepositoryConfigurationDelegate - Bootstrapping Spring Data JPA repositories in DEFAULT mode.
""2023-06-22 16:29:21 [main] INFO  o.s.d.r.c.RepositoryConfigurationDelegate - Finished Spring Data repository scanning in 110 ms. Found 17 JPA repository interfaces.
""2023-06-22 16:29:21 [main] INFO  o.s.b.w.e.tomcat.TomcatWebServer - Tomcat initialized with port(s): 8080 (http)
""2023-06-22 16:29:21 [main] INFO  o.a.catalina.core.StandardService - Starting service [Tomcat]
""2023-06-22 16:29:21 [main] INFO  o.a.catalina.core.StandardEngine - Starting Servlet engine: [Apache Tomcat/9.0.62]
""2023-06-22 16:29:21 [main] INFO  o.a.c.c.C.[Tomcat].[localhost].[/] - Initializing Spring embedded WebApplicationContext
""2023-06-22 16:29:21 [main] INFO  o.s.b.w.s.c.ServletWebServerApplicationContext - Root WebApplicationContext: initialization completed in 1576 ms
""2023-06-22 16:29:22 [main] INFO  o.h.jpa.internal.util.LogHelper - HHH000204: Processing PersistenceUnitInfo [name: default]
""2023-06-22 16:29:22 [main] INFO  org.hibernate.Version - HHH000412: Hibernate ORM core version 5.6.8.Final
""2023-06-22 16:29:22 [main] INFO  o.h.annotations.common.Version - HCANN000001: Hibernate Commons Annotations {5.1.2.Final}
""2023-06-22 16:29:22 [main] INFO  com.zaxxer.hikari.HikariDataSource - HikariPool-1 - Starting...
""2023-06-22 16:29:22 [main] INFO  com.zaxxer.hikari.HikariDataSource - HikariPool-1 - Start completed.
""2023-06-22 16:29:22 [main] INFO  org.hibernate.dialect.Dialect - HHH000400: Using dialect: org.hibernate.dialect.MySQL8Dialect
""2023-06-22 16:29:23 [main] INFO  o.h.e.t.j.p.i.JtaPlatformInitiator - HHH000490: Using JtaPlatform implementation: [org.hibernate.engine.transaction.jta.platform.internal.NoJtaPlatform]
""2023-06-22 16:29:23 [main] INFO  o.s.o.j.LocalContainerEntityManagerFactoryBean - Initialized JPA EntityManagerFactory for persistence unit 'default'
""2023-06-22 16:29:24 [main] DEBUG t.b.rce.service.impl.CaptchaService - Загрузка имен изображений-капч.
""2023-06-22 16:29:24 [main] DEBUG t.b.rce.service.impl.CaptchaService - Загружено 5 капч.
""2023-06-22 16:29:24 [main] INFO  t.b.r.s.schedule.DealDeleteScheduler - Автоматическое удаление недействительных заявок загружено в контекст.
""2023-06-22 16:29:24 [main] WARN  o.s.b.a.o.j.JpaBaseConfiguration$JpaWebConfiguration - spring.jpa.open-in-view is enabled by default. Therefore, database queries may be performed during view rendering. Explicitly configure spring.jpa.open-in-view to disable this warning
""2023-06-22 16:29:25 [main] INFO  o.s.b.w.e.tomcat.TomcatWebServer - Tomcat started on port(s): 8080 (http) with context path ''
""2023-06-22 16:29:25 [main] INFO  tgb.btc.rce.RceApplication - Started RceApplication in 5.564 seconds (JVM running for 6.565)
""2023-06-22 16:29:25 [main] INFO  tgb.btc.rce.service.BeanHolder - Загрузка бинов в BeanHolder.
""2023-06-22 16:29:25 [main] INFO  tgb.btc.rce.service.BeanHolder - Загрузка бинов BeanHolder завершена.
""2023-06-22 16:29:26 [http-nio-8080-exec-1] INFO  o.a.c.c.C.[Tomcat].[localhost].[/] - Initializing Spring DispatcherServlet 'dispatcherServlet'
""2023-06-22 16:29:28 [http-nio-8080-exec-4] INFO  tgb.btc.rce.util.FiatCurrencyUtil - Загружено 2 фиатных валют: ₽, бел.рублей
""2023-06-22 16:29:51 [SpringApplicationShutdownHook] INFO  o.s.o.j.LocalContainerEntityManagerFactoryBean - Closing JPA EntityManagerFactory for persistence unit 'default'
""2023-06-22 16:29:51 [SpringApplicationShutdownHook] INFO  com.zaxxer.hikari.HikariDataSource - HikariPool-1 - Shutdown initiated...
""2023-06-22 16:29:51 [SpringApplicationShutdownHook] INFO  com.zaxxer.hikari.HikariDataSource - HikariPool-1 - Shutdown completed.
""2023-06-22 16:29:55 [main] INFO  tgb.btc.rce.RceApplication - Starting RceApplication using Java 11.0.19 on barilo with PID 47326 (/home/barilo/IdeaProjects/rce/target/classes started by barilo in /home/barilo/IdeaProjects/rce)
""2023-06-22 16:29:55 [main] DEBUG tgb.btc.rce.RceApplication - Running with Spring Boot v2.6.7, Spring v5.3.19
""2023-06-22 16:29:55 [main] INFO  tgb.btc.rce.RceApplication - No active profile set, falling back to 1 default profile: "default"
""2023-06-22 16:29:56 [main] INFO  o.s.d.r.c.RepositoryConfigurationDelegate - Bootstrapping Spring Data JPA repositories in DEFAULT mode.
""2023-06-22 16:29:56 [main] INFO  o.s.d.r.c.RepositoryConfigurationDelegate - Finished Spring Data repository scanning in 151 ms. Found 17 JPA repository interfaces.
""2023-06-22 16:29:57 [main] INFO  o.s.b.w.e.tomcat.TomcatWebServer - Tomcat initialized with port(s): 8080 (http)
""2023-06-22 16:29:57 [main] INFO  o.a.catalina.core.StandardService - Starting service [Tomcat]
""2023-06-22 16:29:57 [main] INFO  o.a.catalina.core.StandardEngine - Starting Servlet engine: [Apache Tomcat/9.0.62]
""2023-06-22 16:29:57 [main] INFO  o.a.c.c.C.[Tomcat].[localhost].[/] - Initializing Spring embedded WebApplicationContext
""2023-06-22 16:29:57 [main] INFO  o.s.b.w.s.c.ServletWebServerApplicationContext - Root WebApplicationContext: initialization completed in 1474 ms
""2023-06-22 16:29:57 [main] INFO  o.h.jpa.internal.util.LogHelper - HHH000204: Processing PersistenceUnitInfo [name: default]
""2023-06-22 16:29:57 [main] INFO  org.hibernate.Version - HHH000412: Hibernate ORM core version 5.6.8.Final
""2023-06-22 16:29:57 [main] INFO  o.h.annotations.common.Version - HCANN000001: Hibernate Commons Annotations {5.1.2.Final}
""2023-06-22 16:29:57 [main] INFO  com.zaxxer.hikari.HikariDataSource - HikariPool-1 - Starting...
""2023-06-22 16:29:57 [main] INFO  com.zaxxer.hikari.HikariDataSource - HikariPool-1 - Start completed.
""2023-06-22 16:29:57 [main] INFO  org.hibernate.dialect.Dialect - HHH000400: Using dialect: org.hibernate.dialect.MySQL8Dialect
""2023-06-22 16:29:58 [main] INFO  o.h.e.t.j.p.i.JtaPlatformInitiator - HHH000490: Using JtaPlatform implementation: [org.hibernate.engine.transaction.jta.platform.internal.NoJtaPlatform]
""2023-06-22 16:29:58 [main] INFO  o.s.o.j.LocalContainerEntityManagerFactoryBean - Initialized JPA EntityManagerFactory for persistence unit 'default'
""2023-06-22 16:29:59 [main] DEBUG t.b.rce.service.impl.CaptchaService - Загрузка имен изображений-капч.
""2023-06-22 16:29:59 [main] DEBUG t.b.rce.service.impl.CaptchaService - Загружено 5 капч.
""2023-06-22 16:29:59 [main] INFO  t.b.r.s.schedule.DealDeleteScheduler - Автоматическое удаление недействительных заявок загружено в контекст.
""2023-06-22 16:29:59 [main] WARN  o.s.b.a.o.j.JpaBaseConfiguration$JpaWebConfiguration - spring.jpa.open-in-view is enabled by default. Therefore, database queries may be performed during view rendering. Explicitly configure spring.jpa.open-in-view to disable this warning
""2023-06-22 16:30:00 [main] INFO  o.s.b.w.e.tomcat.TomcatWebServer - Tomcat started on port(s): 8080 (http) with context path ''
""2023-06-22 16:30:00 [main] INFO  tgb.btc.rce.RceApplication - Started RceApplication in 5.216 seconds (JVM running for 6.054)
""2023-06-22 16:30:00 [main] INFO  tgb.btc.rce.service.BeanHolder - Загрузка бинов в BeanHolder.
""2023-06-22 16:30:00 [main] INFO  tgb.btc.rce.service.BeanHolder - Загрузка бинов BeanHolder завершена.
""2023-06-22 16:30:02 [http-nio-8080-exec-1] INFO  o.a.c.c.C.[Tomcat].[localhost].[/] - Initializing Spring DispatcherServlet 'dispatcherServlet'
""2023-06-22 16:30:05 [http-nio-8080-exec-7] INFO  tgb.btc.rce.util.FiatCurrencyUtil - Загружено 2 фиатных валют: ₽, бел.рублей
""2023-06-22 16:30:35 [SpringApplicationShutdownHook] INFO  o.s.o.j.LocalContainerEntityManagerFactoryBean - Closing JPA EntityManagerFactory for persistence unit 'default'
""2023-06-22 16:30:35 [SpringApplicationShutdownHook] INFO  com.zaxxer.hikari.HikariDataSource - HikariPool-1 - Shutdown initiated...
""2023-06-22 16:30:35 [SpringApplicationShutdownHook] INFO  com.zaxxer.hikari.HikariDataSource - HikariPool-1 - Shutdown completed.
""2023-06-22 16:30:38 [main] INFO  tgb.btc.rce.RceApplication - Starting RceApplication using Java 11.0.19 on barilo with PID 47981 (/home/barilo/IdeaProjects/rce/target/classes started by barilo in /home/barilo/IdeaProjects/rce)
""2023-06-22 16:30:38 [main] DEBUG tgb.btc.rce.RceApplication - Running with Spring Boot v2.6.7, Spring v5.3.19
""2023-06-22 16:30:38 [main] INFO  tgb.btc.rce.RceApplication - No active profile set, falling back to 1 default profile: "default"
""2023-06-22 16:30:39 [main] INFO  o.s.d.r.c.RepositoryConfigurationDelegate - Bootstrapping Spring Data JPA repositories in DEFAULT mode.
""2023-06-22 16:30:39 [main] INFO  o.s.d.r.c.RepositoryConfigurationDelegate - Finished Spring Data repository scanning in 83 ms. Found 17 JPA repository interfaces.
""2023-06-22 16:30:40 [main] INFO  o.s.b.w.e.tomcat.TomcatWebServer - Tomcat initialized with port(s): 8080 (http)
""2023-06-22 16:30:40 [main] INFO  o.a.catalina.core.StandardService - Starting service [Tomcat]
""2023-06-22 16:30:40 [main] INFO  o.a.catalina.core.StandardEngine - Starting Servlet engine: [Apache Tomcat/9.0.62]
""2023-06-22 16:30:40 [main] INFO  o.a.c.c.C.[Tomcat].[localhost].[/] - Initializing Spring embedded WebApplicationContext
""2023-06-22 16:30:40 [main] INFO  o.s.b.w.s.c.ServletWebServerApplicationContext - Root WebApplicationContext: initialization completed in 1316 ms
""2023-06-22 16:30:40 [main] INFO  o.h.jpa.internal.util.LogHelper - HHH000204: Processing PersistenceUnitInfo [name: default]
""2023-06-22 16:30:40 [main] INFO  org.hibernate.Version - HHH000412: Hibernate ORM core version 5.6.8.Final
""2023-06-22 16:30:40 [main] INFO  o.h.annotations.common.Version - HCANN000001: Hibernate Commons Annotations {5.1.2.Final}
""2023-06-22 16:30:40 [main] INFO  com.zaxxer.hikari.HikariDataSource - HikariPool-1 - Starting...
""2023-06-22 16:30:40 [main] INFO  com.zaxxer.hikari.HikariDataSource - HikariPool-1 - Start completed.
""2023-06-22 16:30:40 [main] INFO  org.hibernate.dialect.Dialect - HHH000400: Using dialect: org.hibernate.dialect.MySQL8Dialect
""2023-06-22 16:30:41 [main] INFO  o.h.e.t.j.p.i.JtaPlatformInitiator - HHH000490: Using JtaPlatform implementation: [org.hibernate.engine.transaction.jta.platform.internal.NoJtaPlatform]
""2023-06-22 16:30:41 [main] INFO  o.s.o.j.LocalContainerEntityManagerFactoryBean - Initialized JPA EntityManagerFactory for persistence unit 'default'
""2023-06-22 16:30:42 [main] DEBUG t.b.rce.service.impl.CaptchaService - Загрузка имен изображений-капч.
""2023-06-22 16:30:42 [main] DEBUG t.b.rce.service.impl.CaptchaService - Загружено 5 капч.
""2023-06-22 16:30:42 [main] INFO  t.b.r.s.schedule.DealDeleteScheduler - Автоматическое удаление недействительных заявок загружено в контекст.
""2023-06-22 16:30:42 [main] WARN  o.s.b.a.o.j.JpaBaseConfiguration$JpaWebConfiguration - spring.jpa.open-in-view is enabled by default. Therefore, database queries may be performed during view rendering. Explicitly configure spring.jpa.open-in-view to disable this warning
""2023-06-22 16:30:43 [main] INFO  o.s.b.w.e.tomcat.TomcatWebServer - Tomcat started on port(s): 8080 (http) with context path ''
""2023-06-22 16:30:43 [main] INFO  tgb.btc.rce.RceApplication - Started RceApplication in 5.41 seconds (JVM running for 6.431)
""2023-06-22 16:30:43 [main] INFO  tgb.btc.rce.service.BeanHolder - Загрузка бинов в BeanHolder.
""2023-06-22 16:30:43 [main] INFO  tgb.btc.rce.service.BeanHolder - Загрузка бинов BeanHolder завершена.
""2023-06-22 16:30:46 [http-nio-8080-exec-1] INFO  o.a.c.c.C.[Tomcat].[localhost].[/] - Initializing Spring DispatcherServlet 'dispatcherServlet'
""2023-06-22 16:30:49 [http-nio-8080-exec-7] INFO  tgb.btc.rce.util.FiatCurrencyUtil - Загружено 2 фиатных валют: ₽, бел.рублей
""2023-06-22 16:32:09 [SpringApplicationShutdownHook] INFO  o.s.o.j.LocalContainerEntityManagerFactoryBean - Closing JPA EntityManagerFactory for persistence unit 'default'
""2023-06-22 16:32:09 [SpringApplicationShutdownHook] INFO  com.zaxxer.hikari.HikariDataSource - HikariPool-1 - Shutdown initiated...
""2023-06-22 16:32:09 [SpringApplicationShutdownHook] INFO  com.zaxxer.hikari.HikariDataSource - HikariPool-1 - Shutdown completed.
""2023-06-22 16:34:41 [main] INFO  tgb.btc.rce.RceApplication - Starting RceApplication using Java 11.0.19 on barilo with PID 48871 (/home/barilo/IdeaProjects/rce/target/classes started by barilo in /home/barilo/IdeaProjects/rce)
""2023-06-22 16:34:41 [main] DEBUG tgb.btc.rce.RceApplication - Running with Spring Boot v2.6.7, Spring v5.3.19
""2023-06-22 16:34:41 [main] INFO  tgb.btc.rce.RceApplication - No active profile set, falling back to 1 default profile: "default"
""2023-06-22 16:34:42 [main] INFO  o.s.d.r.c.RepositoryConfigurationDelegate - Bootstrapping Spring Data JPA repositories in DEFAULT mode.
""2023-06-22 16:34:42 [main] INFO  o.s.d.r.c.RepositoryConfigurationDelegate - Finished Spring Data repository scanning in 193 ms. Found 17 JPA repository interfaces.
""2023-06-22 16:34:43 [main] INFO  o.s.b.w.e.tomcat.TomcatWebServer - Tomcat initialized with port(s): 8080 (http)
""2023-06-22 16:34:43 [main] INFO  o.a.catalina.core.StandardService - Starting service [Tomcat]
""2023-06-22 16:34:43 [main] INFO  o.a.catalina.core.StandardEngine - Starting Servlet engine: [Apache Tomcat/9.0.62]
""2023-06-22 16:34:43 [main] INFO  o.a.c.c.C.[Tomcat].[localhost].[/] - Initializing Spring embedded WebApplicationContext
""2023-06-22 16:34:43 [main] INFO  o.s.b.w.s.c.ServletWebServerApplicationContext - Root WebApplicationContext: initialization completed in 1778 ms
""2023-06-22 16:34:43 [main] INFO  o.h.jpa.internal.util.LogHelper - HHH000204: Processing PersistenceUnitInfo [name: default]
""2023-06-22 16:34:43 [main] INFO  org.hibernate.Version - HHH000412: Hibernate ORM core version 5.6.8.Final
""2023-06-22 16:34:43 [main] INFO  o.h.annotations.common.Version - HCANN000001: Hibernate Commons Annotations {5.1.2.Final}
""2023-06-22 16:34:43 [main] INFO  com.zaxxer.hikari.HikariDataSource - HikariPool-1 - Starting...
""2023-06-22 16:34:43 [main] INFO  com.zaxxer.hikari.HikariDataSource - HikariPool-1 - Start completed.
""2023-06-22 16:34:43 [main] INFO  org.hibernate.dialect.Dialect - HHH000400: Using dialect: org.hibernate.dialect.MySQL8Dialect
""2023-06-22 16:34:44 [main] INFO  o.h.e.t.j.p.i.JtaPlatformInitiator - HHH000490: Using JtaPlatform implementation: [org.hibernate.engine.transaction.jta.platform.internal.NoJtaPlatform]
""2023-06-22 16:34:44 [main] INFO  o.s.o.j.LocalContainerEntityManagerFactoryBean - Initialized JPA EntityManagerFactory for persistence unit 'default'
""2023-06-22 16:34:45 [main] DEBUG t.b.rce.service.impl.CaptchaService - Загрузка имен изображений-капч.
""2023-06-22 16:34:45 [main] DEBUG t.b.rce.service.impl.CaptchaService - Загружено 5 капч.
""2023-06-22 16:34:45 [main] INFO  t.b.r.s.schedule.DealDeleteScheduler - Автоматическое удаление недействительных заявок загружено в контекст.
""2023-06-22 16:34:45 [main] WARN  o.s.b.a.o.j.JpaBaseConfiguration$JpaWebConfiguration - spring.jpa.open-in-view is enabled by default. Therefore, database queries may be performed during view rendering. Explicitly configure spring.jpa.open-in-view to disable this warning
""2023-06-22 16:34:46 [main] INFO  o.s.b.w.e.tomcat.TomcatWebServer - Tomcat started on port(s): 8080 (http) with context path ''
""2023-06-22 16:34:46 [main] INFO  tgb.btc.rce.RceApplication - Started RceApplication in 5.857 seconds (JVM running for 6.68)
""2023-06-22 16:34:46 [main] INFO  tgb.btc.rce.service.BeanHolder - Загрузка бинов в BeanHolder.
""2023-06-22 16:34:46 [main] INFO  tgb.btc.rce.service.BeanHolder - Загрузка бинов BeanHolder завершена.
""2023-06-22 16:34:47 [http-nio-8080-exec-1] INFO  o.a.c.c.C.[Tomcat].[localhost].[/] - Initializing Spring DispatcherServlet 'dispatcherServlet'
""2023-06-22 16:34:50 [http-nio-8080-exec-7] INFO  tgb.btc.rce.util.FiatCurrencyUtil - Загружено 2 фиатных валют: ₽, бел.рублей
""2023-06-22 16:37:22 [SpringApplicationShutdownHook] INFO  o.s.o.j.LocalContainerEntityManagerFactoryBean - Closing JPA EntityManagerFactory for persistence unit 'default'
""2023-06-22 16:37:22 [SpringApplicationShutdownHook] INFO  com.zaxxer.hikari.HikariDataSource - HikariPool-1 - Shutdown initiated...
""2023-06-22 16:37:22 [SpringApplicationShutdownHook] INFO  com.zaxxer.hikari.HikariDataSource - HikariPool-1 - Shutdown completed.
""2023-06-22 16:37:26 [main] INFO  tgb.btc.rce.RceApplication - Starting RceApplication using Java 11.0.19 on barilo with PID 49646 (/home/barilo/IdeaProjects/rce/target/classes started by barilo in /home/barilo/IdeaProjects/rce)
""2023-06-22 16:37:26 [main] DEBUG tgb.btc.rce.RceApplication - Running with Spring Boot v2.6.7, Spring v5.3.19
""2023-06-22 16:37:26 [main] INFO  tgb.btc.rce.RceApplication - No active profile set, falling back to 1 default profile: "default"
""2023-06-22 16:37:27 [main] INFO  o.s.d.r.c.RepositoryConfigurationDelegate - Bootstrapping Spring Data JPA repositories in DEFAULT mode.
""2023-06-22 16:37:27 [main] INFO  o.s.d.r.c.RepositoryConfigurationDelegate - Finished Spring Data repository scanning in 74 ms. Found 17 JPA repository interfaces.
""2023-06-22 16:37:27 [main] INFO  o.s.b.w.e.tomcat.TomcatWebServer - Tomcat initialized with port(s): 8080 (http)
""2023-06-22 16:37:27 [main] INFO  o.a.catalina.core.StandardService - Starting service [Tomcat]
""2023-06-22 16:37:27 [main] INFO  o.a.catalina.core.StandardEngine - Starting Servlet engine: [Apache Tomcat/9.0.62]
""2023-06-22 16:37:28 [main] INFO  o.a.c.c.C.[Tomcat].[localhost].[/] - Initializing Spring embedded WebApplicationContext
""2023-06-22 16:37:28 [main] INFO  o.s.b.w.s.c.ServletWebServerApplicationContext - Root WebApplicationContext: initialization completed in 1204 ms
""2023-06-22 16:37:28 [main] INFO  o.h.jpa.internal.util.LogHelper - HHH000204: Processing PersistenceUnitInfo [name: default]
""2023-06-22 16:37:28 [main] INFO  org.hibernate.Version - HHH000412: Hibernate ORM core version 5.6.8.Final
""2023-06-22 16:37:28 [main] INFO  o.h.annotations.common.Version - HCANN000001: Hibernate Commons Annotations {5.1.2.Final}
""2023-06-22 16:37:28 [main] INFO  com.zaxxer.hikari.HikariDataSource - HikariPool-1 - Starting...
""2023-06-22 16:37:28 [main] INFO  com.zaxxer.hikari.HikariDataSource - HikariPool-1 - Start completed.
""2023-06-22 16:37:28 [main] INFO  org.hibernate.dialect.Dialect - HHH000400: Using dialect: org.hibernate.dialect.MySQL8Dialect
""2023-06-22 16:37:29 [main] INFO  o.h.e.t.j.p.i.JtaPlatformInitiator - HHH000490: Using JtaPlatform implementation: [org.hibernate.engine.transaction.jta.platform.internal.NoJtaPlatform]
""2023-06-22 16:37:29 [main] INFO  o.s.o.j.LocalContainerEntityManagerFactoryBean - Initialized JPA EntityManagerFactory for persistence unit 'default'
""2023-06-22 16:37:30 [main] DEBUG t.b.rce.service.impl.CaptchaService - Загрузка имен изображений-капч.
""2023-06-22 16:37:30 [main] DEBUG t.b.rce.service.impl.CaptchaService - Загружено 5 капч.
""2023-06-22 16:37:30 [main] INFO  t.b.r.s.schedule.DealDeleteScheduler - Автоматическое удаление недействительных заявок загружено в контекст.
""2023-06-22 16:37:30 [main] WARN  o.s.b.a.o.j.JpaBaseConfiguration$JpaWebConfiguration - spring.jpa.open-in-view is enabled by default. Therefore, database queries may be performed during view rendering. Explicitly configure spring.jpa.open-in-view to disable this warning
""2023-06-22 16:37:31 [main] INFO  o.s.b.w.e.tomcat.TomcatWebServer - Tomcat started on port(s): 8080 (http) with context path ''
""2023-06-22 16:37:31 [main] INFO  tgb.btc.rce.RceApplication - Started RceApplication in 5.089 seconds (JVM running for 5.862)
""2023-06-22 16:37:31 [main] INFO  tgb.btc.rce.service.BeanHolder - Загрузка бинов в BeanHolder.
""2023-06-22 16:37:31 [main] INFO  tgb.btc.rce.service.BeanHolder - Загрузка бинов BeanHolder завершена.
""2023-06-22 16:37:32 [http-nio-8080-exec-1] INFO  o.a.c.c.C.[Tomcat].[localhost].[/] - Initializing Spring DispatcherServlet 'dispatcherServlet'
""2023-06-22 16:37:35 [http-nio-8080-exec-2] INFO  tgb.btc.rce.util.FiatCurrencyUtil - Загружено 2 фиатных валют: ₽, бел.рублей
"